<?xml version="1.0" encoding="UTF-8"?>
<!-- Generated by org.testng.reporters.JUnitXMLReporter -->
<testsuite ignored="0" hostname="DESKTOP-BQKPNP3" failures="0" tests="5" name="Test" time="90.709" errors="0" timestamp="2025-01-11T16:36:48 IST">
  <testcase classname="testCases.TC_001_AccountRegistrationTest" name="verify_account_registration" time="6.301"/>
  <testcase classname="testCases.TC_002_LoginTest" name="test_login" time="3.056"/>
  <testcase classname="testCases.TC_004_SearchProductTest" name="verify_pruductSearch" time="2.204"/>
  <testcase classname="testCases.TC_005_AddToCartPageTest" name="verify_addToCart" time="3.551"/>
  <testcase classname="testCases.TC_006_EndToEndTest" name="endToendTest" time="50.957"/>
</testsuite> <!-- Test -->
