<?xml version="1.0" encoding="UTF-8"?>
<!-- Generated by org.testng.reporters.JUnitXMLReporter -->
<testsuite ignored="0" hostname="DESKTOP-BQKPNP3" failures="5" tests="5" name="Test(failed)" time="20.644" errors="0" timestamp="2024-11-07T18:29:17 IST">
  <testcase classname="testCases.TC_003_LoginDataDrivenTest" name="test_loginDDT" time="1.014">
    <failure type="java.lang.AssertionError" message="An exception occurred: Keys to send should be a not null CharSequence">
      <![CDATA[java.lang.AssertionError: An exception occurred: Keys to send should be a not null CharSequence
at testCases.TC_003_LoginDataDrivenTest.test_loginDDT(TC_003_LoginDataDrivenTest.java:73)
at java.base/java.util.ArrayList.forEach(ArrayList.java:1511)
... Removed 26 stack frames]]>
    </failure>
  </testcase> <!-- test_loginDDT -->
  <testcase classname="testCases.TC_003_LoginDataDrivenTest" name="test_loginDDT" time="0.714">
    <failure type="java.lang.AssertionError" message="An exception occurred: Keys to send should be a not null CharSequence">
      <![CDATA[java.lang.AssertionError: An exception occurred: Keys to send should be a not null CharSequence
at testCases.TC_003_LoginDataDrivenTest.test_loginDDT(TC_003_LoginDataDrivenTest.java:73)
at java.base/java.util.ArrayList.forEach(ArrayList.java:1511)
... Removed 26 stack frames]]>
    </failure>
  </testcase> <!-- test_loginDDT -->
  <testcase classname="testCases.TC_003_LoginDataDrivenTest" name="test_loginDDT" time="0.728">
    <failure type="java.lang.AssertionError" message="An exception occurred: Keys to send should be a not null CharSequence">
      <![CDATA[java.lang.AssertionError: An exception occurred: Keys to send should be a not null CharSequence
at testCases.TC_003_LoginDataDrivenTest.test_loginDDT(TC_003_LoginDataDrivenTest.java:73)
at java.base/java.util.ArrayList.forEach(ArrayList.java:1511)
... Removed 26 stack frames]]>
    </failure>
  </testcase> <!-- test_loginDDT -->
  <testcase classname="testCases.TC_003_LoginDataDrivenTest" name="test_loginDDT" time="0.777">
    <failure type="java.lang.AssertionError" message="An exception occurred: Keys to send should be a not null CharSequence">
      <![CDATA[java.lang.AssertionError: An exception occurred: Keys to send should be a not null CharSequence
at testCases.TC_003_LoginDataDrivenTest.test_loginDDT(TC_003_LoginDataDrivenTest.java:73)
at java.base/java.util.ArrayList.forEach(ArrayList.java:1511)
... Removed 26 stack frames]]>
    </failure>
  </testcase> <!-- test_loginDDT -->
  <testcase classname="testCases.TC_003_LoginDataDrivenTest" name="test_loginDDT" time="1.1">
    <failure type="java.lang.AssertionError" message="An exception occurred: Keys to send should be a not null CharSequence">
      <![CDATA[java.lang.AssertionError: An exception occurred: Keys to send should be a not null CharSequence
at testCases.TC_003_LoginDataDrivenTest.test_loginDDT(TC_003_LoginDataDrivenTest.java:73)
at java.base/java.util.ArrayList.forEach(ArrayList.java:1511)
... Removed 26 stack frames]]>
    </failure>
  </testcase> <!-- test_loginDDT -->
</testsuite> <!-- Test(failed) -->
